<?xml version="1.0" encoding="UTF-8"?>
<!-- Generated by org.testng.reporters.JUnitReportReporter -->
<testsuite hostname="DESKTOP-BK6811T" failures="0" tests="1" name="SwagLabsProject.SAuceProject.TestRunner2" time="14.410" errors="0" timestamp="2025-06-07T21:05:21 IST" skipped="0">
  <testcase classname="SwagLabsProject.SAuceProject.TestRunner2" name="submitOrder" time="14.410"/>
  <system-out/>
</testsuite> <!-- SwagLabsProject.SAuceProject.TestRunner2 -->
