<?xml version="1.0" encoding="UTF-8"?>
<!-- Generated by org.testng.reporters.JUnitReportReporter -->
<testsuite hostname="DESKTOP-BK6811T" failures="0" tests="4" name="SwagLabsProject.SAuceProject.TestDataRunner" time="0.034" errors="0" timestamp="2025-05-28T23:31:00 IST" skipped="0">
  <testcase classname="SwagLabsProject.SAuceProject.TestDataRunner" name="runExcelTest" time="0.005"/>
  <system-out/>
  <testcase classname="SwagLabsProject.SAuceProject.TestDataRunner" name="runExcelTest" time="0.002"/>
  <system-out/>
  <testcase classname="SwagLabsProject.SAuceProject.TestDataRunner" name="runExcelTest" time="0.010"/>
  <system-out/>
  <testcase classname="SwagLabsProject.SAuceProject.TestDataRunner" name="runExcelTest" time="0.017"/>
  <system-out/>
</testsuite> <!-- SwagLabsProject.SAuceProject.TestDataRunner -->
