<?xml version="1.0" encoding="UTF-8"?>
<!-- Generated by org.testng.reporters.JUnitReportReporter -->
<testsuite hostname="DESKTOP-BK6811T" failures="0" tests="4" name="SwagLabsProject.SAuceProject.TestRunner3" time="28.579" errors="0" timestamp="2025-06-08T00:05:18 IST" skipped="0">
  <testcase classname="SwagLabsProject.SAuceProject.TestRunner3" name="LoginTest" time="8.116"/>
  <system-out/>
  <testcase classname="SwagLabsProject.SAuceProject.TestRunner3" name="LoginTest" time="6.968"/>
  <system-out/>
  <testcase classname="SwagLabsProject.SAuceProject.TestRunner3" name="LoginTest" time="7.005"/>
  <system-out/>
  <testcase classname="SwagLabsProject.SAuceProject.TestRunner3" name="LoginTest" time="6.490"/>
  <system-out/>
</testsuite> <!-- SwagLabsProject.SAuceProject.TestRunner3 -->
