<?xml version="1.0" encoding="UTF-8"?>
<!-- Generated by org.testng.reporters.JUnitReportReporter -->
<testsuite hostname="DESKTOP-BK6811T" failures="0" tests="4" name="SwagLabsProject.SAuceProject.TestRunner3" time="26.483" errors="0" timestamp="2025-06-08T00:43:38 IST" skipped="0">
  <testcase classname="SwagLabsProject.SAuceProject.TestRunner3" name="LoginTest" time="6.140"/>
  <testcase classname="SwagLabsProject.SAuceProject.TestRunner3" name="LoginTest" time="7.520"/>
  <testcase classname="SwagLabsProject.SAuceProject.TestRunner3" name="LoginTest" time="7.125"/>
  <testcase classname="SwagLabsProject.SAuceProject.TestRunner3" name="LoginTest" time="5.698"/>
</testsuite> <!-- SwagLabsProject.SAuceProject.TestRunner3 -->
