<?xml version="1.0" encoding="UTF-8"?>
<!-- Generated by org.testng.reporters.JUnitReportReporter -->
<testsuite hostname="DESKTOP-BK6811T" failures="0" tests="4" name="SwagLabsProject.SAuceProject.TestDataRunner" time="0.024" errors="0" timestamp="2025-06-08T00:43:38 IST" skipped="0">
  <testcase classname="SwagLabsProject.SAuceProject.TestDataRunner" name="runExcelTest" time="0.000"/>
  <testcase classname="SwagLabsProject.SAuceProject.TestDataRunner" name="runExcelTest" time="0.022"/>
  <testcase classname="SwagLabsProject.SAuceProject.TestDataRunner" name="runExcelTest" time="0.001"/>
  <testcase classname="SwagLabsProject.SAuceProject.TestDataRunner" name="runExcelTest" time="0.001"/>
</testsuite> <!-- SwagLabsProject.SAuceProject.TestDataRunner -->
