<?xml version="1.0" encoding="UTF-8"?>
<!-- Generated by org.testng.reporters.JUnitReportReporter -->
<testsuite hostname="DESKTOP-BK6811T" failures="0" tests="1" name="SwagLabsProject.SAuceProject.TestRunner2" time="17.500" errors="0" timestamp="2025-06-08T00:43:38 IST" skipped="0">
  <testcase classname="SwagLabsProject.SAuceProject.TestRunner2" name="submitOrder" time="17.500"/>
</testsuite> <!-- SwagLabsProject.SAuceProject.TestRunner2 -->
